2022-01-03T16:40:07+08:00: 时间异常 
2022-01-03T16:40:07+08:00: 算法执行失败，输入数据异常，总用时：0.01秒 
2022-01-03T16:41:38+08:00: 时间异常 
2022-01-03T16:41:38+08:00: 算法执行失败，输入数据异常，总用时：0.01秒 
2022-01-03T16:42:22+08:00: 时间异常 
2022-01-03T16:42:22+08:00: 输入数据异常，算法执行失败，总用时：0.01秒 
2022-01-03T16:42:41+08:00: 时间异常 
2022-01-03T16:42:41+08:00: 输入数据异常，算法执行失败，总用时：0.00秒 
2022-01-03T16:43:19+08:00: 时间异常 
2022-01-03T16:43:19+08:00: 输入数据异常，算法执行失败，总用时：0.00秒 
2022-01-03T16:51:10+08:00: 时间异常 
2022-01-03T16:51:10+08:00: 输入数据异常，算法执行失败，总用时：0.00秒 
2022-01-03T16:51:27+08:00: 算法执行成功 
2022-01-03T16:51:27+08:00: 算法执行完成！ 
2022-01-03T16:51:27+08:00: 结果输出完成！ 
2022-01-03T16:51:27+08:00: 算法执行成功，总用时：0.01秒 
2022-01-03T16:52:23+08:00: 算法执行成功 
2022-01-03T16:52:23+08:00: 产品生成ok！ 
2022-01-03T16:52:23+08:00: 结果输出完成！ 
2022-01-03T16:52:23+08:00: 算法执行成功，总用时：0.01秒 
2022-01-03T16:52:33+08:00: 算法执行成功 
2022-01-03T16:52:33+08:00: 算法执行成功，总用时：0.01秒 
2022-01-03T16:53:43+08:00: 算法执行成功 
2022-01-03T16:53:43+08:00: 算法执行成功，总用时：0.01秒 
2022-01-03T16:54:11+08:00: 无效数据异常 
2022-01-03T16:54:11+08:00: 输入数据异常，总用时：0.01秒 
2022-01-03T16:59:42+08:00: 算法执行成功 
2022-01-03T16:59:42+08:00: 产品生成ok！ 
2022-01-03T16:59:42+08:00: 结果输出完成！ 
2022-01-03T16:59:42+08:00: 算法执行成功，总用时：0.01秒 
2022-01-03T19:42:10+08:00: 算法执行成功 
2022-01-03T19:42:10+08:00: 产品生成ok！ 
2022-01-03T19:42:11+08:00: [Errno 2] No such file or directory: 'o\\xrays-6-hour.png' 
2022-01-03T19:42:41+08:00: 算法执行成功 
2022-01-03T19:42:41+08:00: 产品生成ok！ 
2022-01-03T19:42:42+08:00: 结果输出完成！ 
2022-01-03T19:42:42+08:00: 算法执行成功，总用时：0.97秒 
2022-01-03T19:42:54+08:00: 算法执行成功 
2022-01-03T19:42:54+08:00: 产品生成ok！ 
2022-01-03T19:42:55+08:00: 结果输出完成！ 
2022-01-03T19:42:55+08:00: 算法执行成功，总用时：1.00秒 
2022-01-03T20:10:45+08:00: 'inputPaths' 
2022-01-03T20:12:57+08:00: 'inputPaths' 
2022-01-03T20:13:54+08:00: '1st' 
2022-01-03T20:15:16+08:00: '1st' 
2022-01-03T20:15:40+08:00: '1st' 
2022-01-03T20:16:09+08:00: 算法执行成功 
2022-01-03T20:16:09+08:00: 产品生成ok！ 
2022-01-03T20:16:10+08:00: 结果输出完成！ 
2022-01-03T20:16:10+08:00: 算法执行成功，总用时：1.11秒 
2022-01-03T20:20:10+08:00: 算法执行成功 
2022-01-03T20:20:10+08:00: 产品生成ok！ 
2022-01-03T20:20:11+08:00: 结果输出完成！ 
2022-01-03T20:20:11+08:00: 算法执行成功，总用时：1.00秒 
2022-01-04T20:03:29+08:00: 算法执行成功 
2022-01-04T20:03:29+08:00: 产品生成ok！ 
2022-01-04T20:03:44+08:00: 算法执行成功 
2022-01-04T20:03:44+08:00: 产品生成ok！ 
2022-01-04T20:03:45+08:00: 结果输出完成！ 
2022-01-04T20:03:45+08:00: 算法执行成功，总用时：0.97秒 
2022-01-04T20:26:44+08:00: 算法执行成功 
2022-01-04T20:26:44+08:00: 产品生成ok！ 
2022-01-04T20:26:45+08:00: 结果输出完成！ 
2022-01-04T20:26:45+08:00: 算法执行成功，总用时：1.07秒 
2022-01-04T20:28:13+08:00: 算法执行成功 
2022-01-04T20:28:13+08:00: 产品生成ok！ 
2022-01-04T20:28:14+08:00: 结果输出完成！ 
2022-01-04T20:28:14+08:00: 算法执行成功，总用时：0.98秒 
2022-01-08T12:57:57+08:00: 算法执行成功 
2022-01-08T12:57:57+08:00: 产品生成ok！ 
2022-01-08T12:57:58+08:00: 结果输出完成！ 
2022-01-08T12:57:58+08:00: 算法执行成功，总用时：1.08秒 
2022-01-29T15:07:35+08:00: 算法执行成功 
2022-01-29T15:07:35+08:00: 产品生成ok！ 
2022-01-29T15:07:36+08:00: 结果输出完成！ 
2022-01-29T15:07:36+08:00: 算法执行成功，总用时：1.43秒 
2022-01-29T15:08:01+08:00: 算法执行成功 
2022-01-29T15:08:01+08:00: 产品生成ok！ 
2022-01-29T15:08:02+08:00: 结果输出完成！ 
2022-01-29T15:08:02+08:00: 算法执行成功，总用时：1.00秒 
2022-02-09T17:28:30+08:00: 'lst' 
2022-02-09T17:29:17+08:00: 'lst' 
2022-02-09T17:31:41+08:00: 'lst' 
2022-02-09T17:37:06+08:00: 'lst' 
2022-02-09T17:38:31+08:00: 'lst' 
2022-02-09T17:40:38+08:00: 'lst' 
2022-02-09T17:41:16+08:00: 'lst' 
2022-02-09T17:43:28+08:00: 'lst' 
2022-02-09T17:43:47+08:00: 'lst' 
2022-02-09T17:43:58+08:00: 'lst' 
2022-02-09T17:44:53+08:00: 算法执行成功 
2022-02-09T17:44:53+08:00: 产品生成ok！ 
2022-02-09T17:44:55+08:00: 结果输出完成！ 
2022-02-09T17:44:55+08:00: 算法执行成功，总用时：1.55秒 
2022-02-09T17:45:10+08:00: 算法执行成功 
2022-02-09T17:45:10+08:00: 产品生成ok！ 
2022-02-09T17:45:11+08:00: 结果输出完成！ 
2022-02-09T17:45:11+08:00: 算法执行成功，总用时：0.95秒 
2022-04-03T22:42:02+08:00: 算法执行成功 
2022-04-03T22:42:02+08:00: 产品生成ok！ 
2022-04-03T22:42:03+08:00: 结果输出完成！ 
2022-04-03T22:42:03+08:00: 算法执行成功，总用时：1.41秒 
2022-04-17T17:59:27+08:00: 算法执行成功 
2022-04-17T17:59:27+08:00: 产品生成ok！ 
2022-04-17T17:59:29+08:00: 结果输出完成！ 
2022-04-17T17:59:29+08:00: 算法执行成功，总用时：1.64秒 
2022-04-17T18:19:18+08:00: 算法执行成功 
2022-04-17T18:19:18+08:00: 产品生成ok！ 
2022-04-17T18:19:19+08:00: 结果输出完成！ 
2022-04-17T18:19:19+08:00: 算法执行成功，总用时：1.13秒 
2022-04-17T18:23:59+08:00: 算法执行成功 
2022-04-17T18:23:59+08:00: 产品生成ok！ 
2022-04-17T18:24:00+08:00: 结果输出完成！ 
2022-04-17T18:24:00+08:00: 算法执行成功，总用时：1.27秒 
2022-07-11T18:44:23+08:00: 算法执行成功 
2022-07-11T18:44:23+08:00: 产品生成ok！ 
2022-07-11T18:44:25+08:00: 结果输出完成！ 
2022-07-11T18:44:25+08:00: 算法执行成功，总用时：2.28秒 
2022-09-04T15:48:25+08:00: 输入数据不存在 
2022-09-04T15:48:25+08:00: 算法执行失败，总用时：0.01秒 
2022-09-04T15:49:09+08:00: 输入数据不存在 
2022-09-04T15:49:09+08:00: 算法执行失败，总用时：0.00秒 
2022-09-04T15:49:58+08:00: 算法执行成功 
2022-09-04T15:49:58+08:00: 产品生成ok！ 
2022-09-04T15:50:00+08:00: 结果输出完成！ 
2022-09-04T15:50:00+08:00: 算法执行成功，总用时：1.31秒 
2022-09-04T16:26:27+08:00: 开始读取输入数据... 
2022-09-04T16:26:27+08:00: 算法执行成功 
2022-09-04T16:26:27+08:00: 完成读取输入数据! 
2022-09-04T16:26:27+08:00: 开始绘制图像... 
2022-09-04T16:27:08+08:00: 开始读取输入数据... 
2022-09-04T16:27:08+08:00: 算法执行成功 
2022-09-04T16:27:08+08:00: 完成读取输入数据! 
2022-09-04T16:27:08+08:00: 开始绘制图像... 
2022-09-04T16:29:03+08:00: 开始读取输入数据... 
2022-09-04T16:29:03+08:00: 算法执行成功 
2022-09-04T16:29:03+08:00: 完成读取输入数据! 
2022-09-04T16:29:03+08:00: 开始绘制图像... 
2022-09-04T16:31:32+08:00: 开始读取输入数据... 
2022-09-04T16:31:32+08:00: 完成读取输入数据! 
2022-09-04T16:31:32+08:00: 开始绘制图像... 
2022-09-04T16:31:33+08:00: 完成绘制图像！ 
2022-09-04T16:31:33+08:00: 算法执行成功，总用时：1.05秒 
2022-09-04T16:33:50+08:00: 开始读取输入数据... 
2022-09-04T16:33:50+08:00: 完成读取输入数据! 
2022-09-04T16:33:50+08:00: 开始绘制图像... 
2022-09-04T16:33:51+08:00: 完成绘制图像！ 
2022-09-04T16:33:51+08:00: 算法执行成功，总用时：1.03秒 
2022-09-04T16:35:14+08:00: 开始读取输入数据... 
2022-09-04T16:35:14+08:00: 完成读取输入数据! 
2022-09-04T16:35:14+08:00: 开始绘制图像... 
2022-09-04T16:35:15+08:00: 完成绘制图像！ 
2022-09-04T16:35:15+08:00: 算法执行成功，总用时：1.32秒 
2023-02-16T11:06:36+08:00: 开始读取输入数据... 
2023-02-16T11:06:36+08:00: 算法执行失败，总用时：0.01秒 
2023-02-16T11:18:53+08:00: 开始读取输入数据... 
2023-02-16T11:18:53+08:00: 算法执行失败，总用时：0.01秒 
2023-02-19T23:19:05+08:00: 开始读取输入数据... 
2023-02-19T23:19:05+08:00: 'MAG' 
2023-02-19T23:19:49+08:00: 开始读取输入数据... 
2023-02-19T23:19:49+08:00: 'MAG' 
2023-02-19T23:20:05+08:00: 开始读取输入数据... 
2023-02-19T23:20:05+08:00: 'MAG' 
2023-02-19T23:21:11+08:00: 开始读取输入数据... 
2023-02-19T23:21:11+08:00: 'MAG' 
2023-02-19T23:21:45+08:00: 开始读取输入数据... 
2023-02-19T23:21:45+08:00: 'MAG' 
2023-02-19T23:22:22+08:00: 开始读取输入数据... 
2023-02-19T23:22:50+08:00: 'MAG' 
2023-02-19T23:24:14+08:00: 开始读取输入数据... 
2023-02-19T23:24:14+08:00: 'MAG' 
2023-02-19T23:24:27+08:00: 开始读取输入数据... 
2023-02-19T23:24:27+08:00: 'MAG' 
2023-02-19T23:24:38+08:00: 开始读取输入数据... 
2023-02-19T23:24:38+08:00: 'MAG' 
2023-02-19T23:24:49+08:00: 开始读取输入数据... 
2023-02-19T23:24:49+08:00: 'MAG' 
2023-02-19T23:25:02+08:00: 开始读取输入数据... 
2023-02-19T23:25:28+08:00: 'MAG' 
2023-02-20T18:00:35+08:00: 开始读取输入数据... 
2023-02-20T18:00:35+08:00: read_data() takes 1 positional argument but 2 were given 
2023-02-20T18:01:20+08:00: 开始读取输入数据... 
2023-02-20T18:01:20+08:00: read_data() takes 1 positional argument but 2 were given 
2023-02-20T18:02:42+08:00: 开始读取输入数据... 
2023-02-20T18:02:42+08:00: name 'fullpath' is not defined 
2023-02-20T18:06:04+08:00: 开始读取输入数据... 
2023-02-20T18:06:04+08:00: [Errno 2] No such file or directory: b'i' 
2023-02-20T18:06:22+08:00: 开始读取输入数据... 
2023-02-20T18:06:22+08:00: [Errno 2] No such file or directory: b'i' 
2023-02-20T18:06:31+08:00: 开始读取输入数据... 
2023-02-20T18:07:38+08:00: 开始读取输入数据... 
2023-02-20T18:08:29+08:00: 开始读取输入数据... 
2023-02-20T18:08:29+08:00: too many values to unpack (expected 2) 
2023-02-20T18:09:41+08:00: 开始读取输入数据... 
2023-02-20T18:09:41+08:00: too many values to unpack (expected 2) 
2023-02-20T18:10:15+08:00: 开始读取输入数据... 
2023-02-20T18:10:23+08:00: too many values to unpack (expected 2) 
2023-02-20T18:10:45+08:00: 开始读取输入数据... 
2023-02-20T18:11:30+08:00: 开始读取输入数据... 
2023-02-20T18:11:30+08:00: 完成读取输入数据! 
2023-02-20T18:11:30+08:00: 开始绘制图像... 
2023-02-20T18:11:30+08:00: name 'datetime' is not defined 
2023-02-20T18:11:42+08:00: 开始读取输入数据... 
2023-02-20T18:11:42+08:00: 完成读取输入数据! 
2023-02-20T18:11:42+08:00: 开始绘制图像... 
2023-02-20T18:11:42+08:00: 'device_name' 
2023-02-20T18:28:03+08:00: 开始读取输入数据... 
2023-02-20T19:14:44+08:00: 开始读取输入数据... 
2023-02-20T19:14:44+08:00: 完成读取输入数据! 
2023-02-20T19:14:44+08:00: 开始绘制图像... 
2023-02-20T19:18:01+08:00: 开始读取输入数据... 
2023-02-20T19:18:01+08:00: 完成读取输入数据! 
2023-02-20T19:18:01+08:00: 开始绘制图像... 
2023-02-20T19:18:01+08:00: name 'make_zscore_data' is not defined 
2023-02-20T19:18:38+08:00: 开始读取输入数据... 
2023-02-20T19:18:38+08:00: 完成读取输入数据! 
2023-02-20T19:18:38+08:00: 开始绘制图像... 
2023-02-20T19:18:38+08:00: name 'ort' is not defined 
2023-02-20T19:19:50+08:00: 开始读取输入数据... 
2023-02-20T19:19:50+08:00: 完成读取输入数据! 
2023-02-20T19:19:50+08:00: 开始绘制图像... 
2023-02-20T19:19:50+08:00: name 'ort' is not defined 
2023-02-20T19:20:11+08:00: 开始读取输入数据... 
2023-02-20T19:20:11+08:00: 完成读取输入数据! 
2023-02-20T19:20:11+08:00: 开始绘制图像... 
2023-02-20T19:20:11+08:00: [ONNXRuntimeError] : 3 : NO_SUCHFILE : Load model from shock_checking.onnx failed:Load model shock_checking.onnx failed. File doesn't exist 
2023-02-20T19:20:53+08:00: 开始读取输入数据... 
2023-02-20T19:20:53+08:00: 完成读取输入数据! 
2023-02-20T19:20:53+08:00: 开始绘制图像... 
2023-02-20T19:20:53+08:00: name 'find_shock_pos' is not defined 
2023-02-20T19:21:26+08:00: 开始读取输入数据... 
2023-02-20T19:21:26+08:00: 完成读取输入数据! 
2023-02-20T19:21:26+08:00: 开始绘制图像... 
2023-02-20T19:21:26+08:00: name 'load_data' is not defined 
2023-02-20T19:23:46+08:00: 开始读取输入数据... 
2023-02-20T19:23:46+08:00: 完成读取输入数据! 
2023-02-20T19:23:46+08:00: 开始绘制图像... 
2023-02-20T19:26:39+08:00: 开始读取输入数据... 
2023-02-20T19:26:39+08:00: 完成读取输入数据! 
2023-02-20T19:26:39+08:00: 开始绘制图像... 
2023-02-20T19:26:39+08:00: make_shock_plot() missing 1 required positional argument: 'data' 
2023-02-20T19:27:14+08:00: 开始读取输入数据... 
2023-02-20T19:27:14+08:00: 完成读取输入数据! 
2023-02-20T19:27:14+08:00: 开始绘制图像... 
2023-02-20T19:27:14+08:00: ufunc 'bitwise_or' not supported for the input types, and the inputs could not be safely coerced to any supported types according to the casting rule ''safe'' 
2023-02-20T19:27:41+08:00: 开始读取输入数据... 
2023-02-20T19:27:41+08:00: 完成读取输入数据! 
2023-02-20T19:27:41+08:00: 开始绘制图像... 
2023-02-20T19:29:11+08:00: 开始读取输入数据... 
2023-02-20T19:29:11+08:00: 完成读取输入数据! 
2023-02-20T19:29:11+08:00: 开始绘制图像... 
2023-02-20T19:30:06+08:00: 开始读取输入数据... 
2023-02-20T19:30:07+08:00: 完成读取输入数据! 
2023-02-20T19:30:07+08:00: 开始绘制图像... 
2023-02-20T19:30:26+08:00: 开始读取输入数据... 
2023-02-20T19:30:26+08:00: 完成读取输入数据! 
2023-02-20T19:30:26+08:00: 开始绘制图像... 
2023-02-20T19:31:55+08:00: 'device_name' 
2023-02-20T19:36:41+08:00: 开始读取输入数据... 
2023-02-20T19:36:41+08:00: 完成读取输入数据! 
2023-02-20T19:46:37+08:00: 开始读取输入数据... 
2023-02-20T19:46:37+08:00: 完成读取输入数据! 
2023-02-20T19:46:37+08:00: 开始绘制图像... 
2023-02-20T19:46:44+08:00: only integers, slices (`:`), ellipsis (`...`), numpy.newaxis (`None`) and integer or boolean arrays are valid indices 
2023-02-20T20:20:25+08:00: 开始读取输入数据... 
2023-02-20T20:20:25+08:00: 完成读取输入数据! 
2023-02-20T20:20:25+08:00: 开始绘制图像... 
2023-02-20T20:20:30+08:00: only integers, slices (`:`), ellipsis (`...`), numpy.newaxis (`None`) and integer or boolean arrays are valid indices 
2023-02-20T20:29:25+08:00: 开始读取输入数据... 
2023-02-20T20:29:25+08:00: 完成读取输入数据! 
2023-02-20T20:29:25+08:00: 开始绘制图像... 
2023-02-20T20:29:30+08:00: 完成绘制图像！ 
2023-02-20T20:29:30+08:00: 算法执行成功，总用时：5.35秒 
2023-02-20T20:31:52+08:00: 开始读取输入数据... 
2023-02-20T20:31:52+08:00: 完成读取输入数据! 
2023-02-20T20:31:52+08:00: 开始绘制图像... 
2023-02-20T20:39:41+08:00: 开始读取输入数据... 
2023-02-20T20:39:41+08:00: 完成读取输入数据! 
2023-02-20T20:39:41+08:00: 开始绘制图像... 
2023-02-20T20:39:42+08:00: Invalid format string 
2023-02-20T20:40:48+08:00: 开始读取输入数据... 
2023-02-20T20:40:48+08:00: 完成读取输入数据! 
2023-02-20T20:40:48+08:00: 开始绘制图像... 
2023-02-20T20:40:48+08:00: Invalid format string 
2023-02-20T20:41:08+08:00: 开始读取输入数据... 
2023-02-20T20:41:08+08:00: 完成读取输入数据! 
2023-02-20T20:41:08+08:00: 开始绘制图像... 
2023-02-20T20:41:15+08:00: 完成绘制图像！ 
2023-02-20T20:41:15+08:00: 算法执行成功，总用时：6.95秒 
2023-02-20T23:07:10+08:00: 开始读取输入数据... 
2023-02-20T23:07:10+08:00: 完成读取输入数据! 
2023-02-20T23:07:10+08:00: 开始绘制图像... 
2023-02-20T23:07:15+08:00: 完成绘制图像！ 
2023-02-20T23:07:15+08:00: 开始生成事件列表... 
2023-02-20T23:07:27+08:00: 开始读取输入数据... 
2023-02-20T23:07:27+08:00: 完成读取输入数据! 
2023-02-20T23:07:27+08:00: 开始绘制图像... 
2023-02-20T23:07:32+08:00: 完成绘制图像！ 
2023-02-20T23:07:32+08:00: 开始生成事件列表... 
2023-02-20T23:09:17+08:00: 开始读取输入数据... 
2023-02-20T23:09:17+08:00: 完成读取输入数据! 
2023-02-20T23:09:17+08:00: 开始绘制图像... 
2023-02-20T23:09:23+08:00: 完成绘制图像！ 
2023-02-20T23:09:23+08:00: 开始生成事件列表... 
2023-02-20T23:10:11+08:00: 开始读取输入数据... 
2023-02-20T23:10:11+08:00: 完成读取输入数据! 
2023-02-20T23:10:11+08:00: 开始绘制图像... 
2023-02-20T23:10:17+08:00: 完成绘制图像！ 
2023-02-20T23:10:17+08:00: 开始生成事件列表... 
2023-02-20T23:10:45+08:00: 开始读取输入数据... 
2023-02-20T23:10:45+08:00: 完成读取输入数据! 
2023-02-20T23:10:45+08:00: 开始绘制图像... 
2023-02-20T23:10:50+08:00: 完成绘制图像！ 
2023-02-20T23:10:50+08:00: 开始生成事件列表... 
2023-02-20T23:11:04+08:00: 开始读取输入数据... 
2023-02-20T23:11:04+08:00: 完成读取输入数据! 
2023-02-20T23:11:04+08:00: 开始绘制图像... 
2023-02-20T23:11:09+08:00: 完成绘制图像！ 
2023-02-20T23:11:09+08:00: 开始生成事件列表... 
2023-02-20T23:15:26+08:00: 开始读取输入数据... 
2023-02-20T23:15:26+08:00: 完成读取输入数据! 
2023-02-20T23:15:26+08:00: 开始绘制图像... 
2023-02-20T23:15:32+08:00: 完成绘制图像！ 
2023-02-20T23:15:32+08:00: 开始生成事件列表... 
2023-02-20T23:16:16+08:00: 开始读取输入数据... 
2023-02-20T23:16:16+08:00: 完成读取输入数据! 
2023-02-20T23:16:16+08:00: 开始绘制图像... 
2023-02-20T23:16:21+08:00: 完成绘制图像！ 
2023-02-20T23:16:21+08:00: 开始生成事件列表... 
2023-02-20T23:17:00+08:00: 开始读取输入数据... 
2023-02-20T23:17:00+08:00: 完成读取输入数据! 
2023-02-20T23:17:00+08:00: 开始绘制图像... 
2023-02-20T23:17:06+08:00: 完成绘制图像！ 
2023-02-20T23:17:06+08:00: 开始生成事件列表... 
2023-02-20T23:23:18+08:00: 开始读取输入数据... 
2023-02-20T23:23:18+08:00: 完成读取输入数据! 
2023-02-20T23:23:18+08:00: 开始绘制图像... 
2023-02-20T23:23:23+08:00: 完成绘制图像！ 
2023-02-20T23:23:23+08:00: 开始生成事件列表... 
2023-02-20T23:23:41+08:00: 开始读取输入数据... 
2023-02-20T23:23:41+08:00: 完成读取输入数据! 
2023-02-20T23:23:41+08:00: 开始绘制图像... 
2023-02-20T23:23:47+08:00: 完成绘制图像！ 
2023-02-20T23:23:47+08:00: 开始生成事件列表... 
2023-02-20T23:25:48+08:00: 开始读取输入数据... 
2023-02-20T23:25:48+08:00: 完成读取输入数据! 
2023-02-20T23:25:48+08:00: 开始绘制图像... 
2023-02-20T23:25:54+08:00: 完成绘制图像！ 
2023-02-20T23:25:54+08:00: 开始生成事件列表... 
2023-02-20T23:25:54+08:00: 算法执行成功，总用时：6.49秒 
2023-02-20T23:26:05+08:00: 开始读取输入数据... 
2023-02-20T23:26:05+08:00: 完成读取输入数据! 
2023-02-20T23:26:05+08:00: 开始绘制图像... 
2023-02-20T23:26:11+08:00: 完成绘制图像！ 
2023-02-20T23:26:11+08:00: 开始生成事件列表... 
2023-02-20T23:27:40+08:00: 开始读取输入数据... 
2023-02-20T23:27:40+08:00: 完成读取输入数据! 
2023-02-20T23:27:40+08:00: 开始绘制图像... 
2023-02-20T23:27:41+08:00: Invalid format string 
2023-02-20T23:27:58+08:00: 开始读取输入数据... 
2023-02-20T23:27:58+08:00: 完成读取输入数据! 
2023-02-20T23:27:58+08:00: 开始绘制图像... 
2023-02-20T23:28:04+08:00: 完成绘制图像！ 
2023-02-20T23:28:04+08:00: 开始生成事件列表... 
2023-02-20T23:28:24+08:00: 开始读取输入数据... 
2023-02-20T23:28:24+08:00: 完成读取输入数据! 
2023-02-20T23:28:24+08:00: 开始绘制图像... 
2023-02-20T23:28:29+08:00: 完成绘制图像！ 
2023-02-20T23:28:29+08:00: 开始生成事件列表... 
2023-02-20T23:28:29+08:00: 完成生成事件列表！ 
2023-02-20T23:28:29+08:00: 算法执行成功，总用时：5.60秒 
2023-02-20T23:29:24+08:00: 开始读取输入数据... 
2023-02-20T23:29:24+08:00: 完成读取输入数据! 
2023-02-20T23:29:24+08:00: 开始绘制图像... 
2023-02-20T23:29:29+08:00: 完成绘制图像！ 
2023-02-20T23:29:29+08:00: 开始生成事件列表... 
2023-02-20T23:29:29+08:00: 完成生成事件列表！ 
2023-02-20T23:29:29+08:00: 完成图像绘制与生成事件列表！ 
2023-02-20T23:29:29+08:00: 算法执行成功，总用时：4.86秒 
2023-02-20T23:29:52+08:00: 开始读取输入数据... 
2023-02-20T23:29:52+08:00: 完成读取输入数据! 
2023-02-20T23:29:52+08:00: 开始绘制图像... 
2023-02-20T23:29:59+08:00: 完成绘制图像！ 
2023-02-20T23:29:59+08:00: 开始生成事件列表... 
2023-02-20T23:29:59+08:00: 完成生成事件列表！ 
2023-02-20T23:29:59+08:00: 完成图像绘制与生成事件列表！ 
2023-02-20T23:29:59+08:00: 算法执行成功，总用时：6.84秒 
2023-02-20T23:30:07+08:00: 开始读取输入数据... 
2023-02-20T23:30:07+08:00: 完成读取输入数据! 
2023-02-20T23:30:07+08:00: 开始绘制图像... 
2023-02-20T23:30:13+08:00: 完成绘制图像！ 
2023-02-20T23:30:13+08:00: 开始生成事件列表... 
2023-02-20T23:30:13+08:00: 完成生成事件列表！ 
2023-02-20T23:30:13+08:00: 完成图像绘制与生成事件列表！ 
2023-02-20T23:30:13+08:00: 算法执行成功，总用时：6.00秒 
2023-02-20T23:30:37+08:00: 开始读取输入数据... 
2023-02-20T23:30:37+08:00: 完成读取输入数据! 
2023-02-20T23:30:37+08:00: 开始绘制图像... 
2023-02-20T23:30:42+08:00: 完成绘制图像！ 
2023-02-20T23:30:42+08:00: 开始生成事件列表... 
2023-02-20T23:30:42+08:00: 完成生成事件列表！ 
2023-02-20T23:30:42+08:00: 完成图像绘制与生成事件列表！ 
2023-02-20T23:30:42+08:00: 算法执行成功，总用时：4.94秒 
2023-02-20T23:31:06+08:00: 开始读取输入数据... 
2023-02-20T23:31:06+08:00: 完成读取输入数据! 
2023-02-20T23:31:06+08:00: 开始绘制图像... 
2023-02-20T23:31:12+08:00: 完成绘制图像！ 
2023-02-20T23:31:12+08:00: 开始生成事件列表... 
2023-02-20T23:31:12+08:00: 完成生成事件列表！ 
2023-02-20T23:31:12+08:00: 完成图像绘制与生成事件列表！ 
2023-02-20T23:31:12+08:00: 算法执行成功，总用时：6.12秒 
2023-02-20T23:31:22+08:00: 开始读取输入数据... 
2023-02-20T23:31:22+08:00: 完成读取输入数据! 
2023-02-20T23:31:22+08:00: 开始绘制图像... 
2023-02-20T23:31:28+08:00: 完成绘制图像！ 
2023-02-20T23:31:28+08:00: 开始生成事件列表... 
2023-02-20T23:31:28+08:00: 完成生成事件列表！ 
2023-02-20T23:31:28+08:00: 完成图像绘制与生成事件列表！ 
2023-02-20T23:31:28+08:00: 算法执行成功，总用时：5.93秒 
2023-02-20T23:31:40+08:00: 开始读取输入数据... 
2023-02-20T23:31:40+08:00: 完成读取输入数据! 
2023-02-20T23:31:40+08:00: 开始绘制图像... 
2023-02-20T23:31:45+08:00: 完成绘制图像！ 
2023-02-20T23:31:45+08:00: 开始生成事件列表... 
2023-02-20T23:31:45+08:00: 完成生成事件列表！ 
2023-02-20T23:31:45+08:00: 完成图像绘制与生成事件列表！ 
2023-02-20T23:31:45+08:00: 算法执行成功，总用时：4.67秒 
2023-02-20T23:33:05+08:00: 开始读取输入数据... 
2023-02-20T23:33:05+08:00: 完成读取输入数据! 
2023-02-20T23:33:05+08:00: 开始绘制图像... 
2023-02-20T23:33:10+08:00: 完成绘制图像！ 
2023-02-20T23:33:10+08:00: 开始生成事件列表... 
2023-02-20T23:33:10+08:00: 完成生成事件列表！ 
2023-02-20T23:33:10+08:00: 完成图像绘制与生成事件列表！ 
2023-02-20T23:33:10+08:00: 算法执行成功，总用时：5.51秒 
2023-02-20T23:33:54+08:00: 开始读取输入数据... 
2023-02-20T23:33:54+08:00: 完成读取输入数据! 
2023-02-20T23:33:54+08:00: 开始绘制图像... 
2023-02-20T23:34:01+08:00: 完成绘制图像！ 
2023-02-20T23:34:01+08:00: 开始生成事件列表... 
2023-02-20T23:34:01+08:00: 完成生成事件列表！ 
2023-02-20T23:34:01+08:00: 完成图像绘制与生成事件列表！ 
2023-02-20T23:34:01+08:00: 算法执行成功，总用时：6.64秒 
2023-02-20T23:34:17+08:00: 开始读取输入数据... 
2023-02-20T23:34:17+08:00: 完成读取输入数据! 
2023-02-20T23:34:17+08:00: 开始绘制图像... 
2023-02-20T23:35:10+08:00: 开始读取输入数据... 
2023-02-20T23:35:10+08:00: 完成读取输入数据! 
2023-02-20T23:35:10+08:00: 开始绘制图像... 
2023-02-20T23:37:57+08:00: 开始读取输入数据... 
2023-02-20T23:37:57+08:00: 完成读取输入数据! 
2023-02-20T23:37:57+08:00: 开始绘制图像... 
2023-02-20T23:38:02+08:00: 完成绘制图像！ 
2023-02-20T23:38:02+08:00: 开始生成事件列表... 
2023-02-20T23:38:02+08:00: 完成生成事件列表！ 
2023-02-20T23:38:02+08:00: 完成图像绘制与生成事件列表！ 
2023-02-20T23:38:02+08:00: 算法执行成功，总用时：4.97秒 
